<?xml version="1.0" encoding="UTF-8" ?>
<testsuite tests="27" failures="1" name="edu.osu.cs362.App_ESTest" time="0.057" errors="0" skipped="0">
  <properties>
    <property name="java.runtime.name" value="OpenJDK Runtime Environment"/>
    <property name="sun.boot.library.path" value="/usr/lib/jvm/java-1.8.0-openjdk-1.8.0.121-0.b13.el7_3.x86_64/jre/lib/amd64"/>
    <property name="java.vm.version" value="25.121-b13"/>
    <property name="java.vm.vendor" value="Oracle Corporation"/>
    <property name="java.vendor.url" value="http://java.oracle.com/"/>
    <property name="path.separator" value=":"/>
    <property name="guice.disable.misplaced.annotation.check" value="true"/>
    <property name="java.vm.name" value="OpenJDK 64-Bit Server VM"/>
    <property name="file.encoding.pkg" value="sun.io"/>
    <property name="user.country" value="US"/>
    <property name="sun.java.launcher" value="SUN_STANDARD"/>
    <property name="sun.os.patch.level" value="unknown"/>
    <property name="java.vm.specification.name" value="Java Virtual Machine Specification"/>
    <property name="user.dir" value="/nfs/stak/students/n/noelcket/cs362/dominion/assignment-1"/>
    <property name="java.runtime.version" value="1.8.0_121-b13"/>
    <property name="java.awt.graphicsenv" value="sun.awt.X11GraphicsEnvironment"/>
    <property name="java.endorsed.dirs" value="/usr/lib/jvm/java-1.8.0-openjdk-1.8.0.121-0.b13.el7_3.x86_64/jre/lib/endorsed"/>
    <property name="os.arch" value="amd64"/>
    <property name="java.io.tmpdir" value="/tmp"/>
    <property name="line.separator" value="
"/>
    <property name="java.vm.specification.vendor" value="Oracle Corporation"/>
    <property name="os.name" value="Linux"/>
    <property name="classworlds.conf" value="/usr/share/maven/bin/m2.conf"/>
    <property name="sun.jnu.encoding" value="UTF-8"/>
    <property name="java.library.path" value="/usr/java/packages/lib/amd64:/usr/lib64:/lib64:/lib:/usr/lib"/>
    <property name="java.specification.name" value="Java Platform API Specification"/>
    <property name="java.class.version" value="52.0"/>
    <property name="sun.management.compiler" value="HotSpot 64-Bit Tiered Compilers"/>
    <property name="os.version" value="3.10.0-327.36.3.el7.x86_64"/>
    <property name="user.home" value="/nfs/stak/students/n/noelcket"/>
    <property name="user.timezone" value="America/Los_Angeles"/>
    <property name="java.awt.printerjob" value="sun.print.PSPrinterJob"/>
    <property name="file.encoding" value="UTF-8"/>
    <property name="java.specification.version" value="1.8"/>
    <property name="user.name" value="noelcket"/>
    <property name="java.class.path" value="/usr/share/maven/boot/plexus-classworlds.jar"/>
    <property name="java.vm.specification.version" value="1.8"/>
    <property name="sun.arch.data.model" value="64"/>
    <property name="java.home" value="/usr/lib/jvm/java-1.8.0-openjdk-1.8.0.121-0.b13.el7_3.x86_64/jre"/>
    <property name="sun.java.command" value="org.codehaus.plexus.classworlds.launcher.Launcher test"/>
    <property name="java.specification.vendor" value="Oracle Corporation"/>
    <property name="user.language" value="en"/>
    <property name="awt.toolkit" value="sun.awt.X11.XToolkit"/>
    <property name="java.vm.info" value="mixed mode"/>
    <property name="java.version" value="1.8.0_121"/>
    <property name="java.ext.dirs" value="/usr/lib/jvm/java-1.8.0-openjdk-1.8.0.121-0.b13.el7_3.x86_64/jre/lib/ext:/usr/java/packages/lib/ext"/>
    <property name="sun.boot.class.path" value="/usr/lib/jvm/java-1.8.0-openjdk-1.8.0.121-0.b13.el7_3.x86_64/jre/lib/resources.jar:/usr/lib/jvm/java-1.8.0-openjdk-1.8.0.121-0.b13.el7_3.x86_64/jre/lib/rt.jar:/usr/lib/jvm/java-1.8.0-openjdk-1.8.0.121-0.b13.el7_3.x86_64/jre/lib/sunrsasign.jar:/usr/lib/jvm/java-1.8.0-openjdk-1.8.0.121-0.b13.el7_3.x86_64/jre/lib/jsse.jar:/usr/lib/jvm/java-1.8.0-openjdk-1.8.0.121-0.b13.el7_3.x86_64/jre/lib/jce.jar:/usr/lib/jvm/java-1.8.0-openjdk-1.8.0.121-0.b13.el7_3.x86_64/jre/lib/charsets.jar:/usr/lib/jvm/java-1.8.0-openjdk-1.8.0.121-0.b13.el7_3.x86_64/jre/lib/jfr.jar:/usr/lib/jvm/java-1.8.0-openjdk-1.8.0.121-0.b13.el7_3.x86_64/jre/classes"/>
    <property name="java.vendor" value="Oracle Corporation"/>
    <property name="maven.home" value="/usr/share/maven"/>
    <property name="file.separator" value="/"/>
    <property name="java.vendor.url.bug" value="http://bugreport.sun.com/bugreport/"/>
    <property name="sun.cpu.endian" value="little"/>
    <property name="sun.io.unicode.encoding" value="UnicodeLittle"/>
    <property name="sun.cpu.isalist" value=""/>
  </properties>
  <testcase classname="edu.osu.cs362.App_ESTest" name="test00" time="0.005"/>
  <testcase classname="edu.osu.cs362.App_ESTest" name="test01" time="0"/>
  <testcase classname="edu.osu.cs362.App_ESTest" name="test02" time="0.001"/>
  <testcase classname="edu.osu.cs362.App_ESTest" name="test03" time="0.001"/>
  <testcase classname="edu.osu.cs362.App_ESTest" name="test04" time="0.001"/>
  <testcase classname="edu.osu.cs362.App_ESTest" name="test05" time="0.001"/>
  <testcase classname="edu.osu.cs362.App_ESTest" name="test06" time="0"/>
  <testcase classname="edu.osu.cs362.App_ESTest" name="test07" time="0"/>
  <testcase classname="edu.osu.cs362.App_ESTest" name="test08" time="0.001"/>
  <testcase classname="edu.osu.cs362.App_ESTest" name="test09" time="0.001"/>
  <testcase classname="edu.osu.cs362.App_ESTest" name="test10" time="0.001"/>
  <testcase classname="edu.osu.cs362.App_ESTest" name="test11" time="0.001"/>
  <testcase classname="edu.osu.cs362.App_ESTest" name="test12" time="0.001"/>
  <testcase classname="edu.osu.cs362.App_ESTest" name="test13" time="0.001"/>
  <testcase classname="edu.osu.cs362.App_ESTest" name="test14" time="0.001"/>
  <testcase classname="edu.osu.cs362.App_ESTest" name="test15" time="0.001"/>
  <testcase classname="edu.osu.cs362.App_ESTest" name="test16" time="0.001"/>
  <testcase classname="edu.osu.cs362.App_ESTest" name="test17" time="0"/>
  <testcase classname="edu.osu.cs362.App_ESTest" name="test18" time="0"/>
  <testcase classname="edu.osu.cs362.App_ESTest" name="test19" time="0.001"/>
  <testcase classname="edu.osu.cs362.App_ESTest" name="test20" time="0.001"/>
  <testcase classname="edu.osu.cs362.App_ESTest" name="test21" time="0.001"/>
  <testcase classname="edu.osu.cs362.App_ESTest" name="test22" time="0.001"/>
  <testcase classname="edu.osu.cs362.App_ESTest" name="test23" time="0.005">
    <failure message="arrays first differed at element [1]; expected:&lt;0&gt; but was:&lt;3948&gt;" type="arrays first differed at element [1]; expected">arrays first differed at element [1]; expected:&lt;0&gt; but was:&lt;3948&gt;
	at org.junit.internal.ComparisonCriteria.arrayEquals(ComparisonCriteria.java:55)
	at org.junit.Assert.internalArrayEquals(Assert.java:532)
	at org.junit.Assert.assertArrayEquals(Assert.java:416)
	at org.junit.Assert.assertArrayEquals(Assert.java:427)
	at edu.osu.cs362.App_ESTest.test23(App_ESTest.java:1692)
	at sun.reflect.NativeMethodAccessorImpl.invoke0(Native Method)
	at sun.reflect.NativeMethodAccessorImpl.invoke(NativeMethodAccessorImpl.java:62)
	at sun.reflect.DelegatingMethodAccessorImpl.invoke(DelegatingMethodAccessorImpl.java:43)
	at java.lang.reflect.Method.invoke(Method.java:498)
	at org.junit.runners.model.FrameworkMethod$1.runReflectiveCall(FrameworkMethod.java:50)
	at org.junit.internal.runners.model.ReflectiveCallable.run(ReflectiveCallable.java:12)
	at org.junit.runners.model.FrameworkMethod.invokeExplosively(FrameworkMethod.java:47)
	at org.junit.internal.runners.statements.InvokeMethod.evaluate(InvokeMethod.java:17)
	at org.junit.internal.runners.statements.FailOnTimeout$CallableStatement.call(FailOnTimeout.java:298)
	at org.junit.internal.runners.statements.FailOnTimeout$CallableStatement.call(FailOnTimeout.java:292)
	at java.util.concurrent.FutureTask.run(FutureTask.java:266)
	at java.lang.Thread.run(Thread.java:745)
Caused by: java.lang.AssertionError: expected:&lt;0&gt; but was:&lt;3948&gt;
	at org.junit.Assert.fail(Assert.java:88)
	at org.junit.Assert.failNotEquals(Assert.java:834)
	at org.junit.Assert.assertEquals(Assert.java:118)
	at org.junit.Assert.assertEquals(Assert.java:144)
	at org.junit.internal.ExactComparisonCriteria.assertElementsEqual(ExactComparisonCriteria.java:8)
	at org.junit.internal.ComparisonCriteria.arrayEquals(ComparisonCriteria.java:53)
	... 16 more
</failure>
  </testcase>
  <testcase classname="edu.osu.cs362.App_ESTest" name="test24" time="0.01"/>
  <testcase classname="edu.osu.cs362.App_ESTest" name="test25" time="0"/>
  <testcase classname="edu.osu.cs362.App_ESTest" name="test26" time="0.001"/>
</testsuite>