<?xml version="1.0" encoding="UTF-8" ?>
<testsuite tests="27" failures="1" name="edu.osu.cs362.App_ESTest" time="0.057" errors="0" skipped="0">
  <properties>
[...]
</properties>
  <testcase classname="edu.osu.cs362.App_ESTest" name="test00" time="0.005"/>
  <testcase classname="edu.osu.cs362.App_ESTest" name="test01" time="0"/>
  <testcase classname="edu.osu.cs362.App_ESTest" name="test02" time="0.001"/>
  <testcase classname="edu.osu.cs362.App_ESTest" name="test03" time="0.001"/>
  <testcase classname="edu.osu.cs362.App_ESTest" name="test04" time="0.001"/>
  <testcase classname="edu.osu.cs362.App_ESTest" name="test05" time="0.001"/>
  <testcase classname="edu.osu.cs362.App_ESTest" name="test06" time="0"/>
  <testcase classname="edu.osu.cs362.App_ESTest" name="test07" time="0"/>
  <testcase classname="edu.osu.cs362.App_ESTest" name="test08" time="0.001"/>
  <testcase classname="edu.osu.cs362.App_ESTest" name="test09" time="0.001"/>
  <testcase classname="edu.osu.cs362.App_ESTest" name="test10" time="0.001"/>
  <testcase classname="edu.osu.cs362.App_ESTest" name="test11" time="0.001"/>
  <testcase classname="edu.osu.cs362.App_ESTest" name="test12" time="0.001"/>
  <testcase classname="edu.osu.cs362.App_ESTest" name="test13" time="0.001"/>
  <testcase classname="edu.osu.cs362.App_ESTest" name="test14" time="0.001"/>
  <testcase classname="edu.osu.cs362.App_ESTest" name="test15" time="0.001"/>
  <testcase classname="edu.osu.cs362.App_ESTest" name="test16" time="0.001"/>
  <testcase classname="edu.osu.cs362.App_ESTest" name="test17" time="0"/>
  <testcase classname="edu.osu.cs362.App_ESTest" name="test18" time="0"/>
  <testcase classname="edu.osu.cs362.App_ESTest" name="test19" time="0.001"/>
  <testcase classname="edu.osu.cs362.App_ESTest" name="test20" time="0.001"/>
  <testcase classname="edu.osu.cs362.App_ESTest" name="test21" time="0.001"/>
  <testcase classname="edu.osu.cs362.App_ESTest" name="test22" time="0.001"/>
  <testcase classname="edu.osu.cs362.App_ESTest" name="test23" time="0.005">
    <failure message="arrays first differed at element [1]; expected:&lt;0&gt; but was:&lt;3948&gt;" type="arrays first differed at element [1]; expected">arrays first differed at element [1]; expected:&lt;0&gt; but was:&lt;3948&gt;
	at org.junit.internal.ComparisonCriteria.arrayEquals(ComparisonCriteria.java:55)
	at org.junit.Assert.internalArrayEquals(Assert.java:532)
	at org.junit.Assert.assertArrayEquals(Assert.java:416)
	at org.junit.Assert.assertArrayEquals(Assert.java:427)
	at edu.osu.cs362.App_ESTest.test23(App_ESTest.java:1692)
	at sun.reflect.NativeMethodAccessorImpl.invoke0(Native Method)
	at sun.reflect.NativeMethodAccessorImpl.invoke(NativeMethodAccessorImpl.java:62)
	at sun.reflect.DelegatingMethodAccessorImpl.invoke(DelegatingMethodAccessorImpl.java:43)
	at java.lang.reflect.Method.invoke(Method.java:498)
	at org.junit.runners.model.FrameworkMethod$1.runReflectiveCall(FrameworkMethod.java:50)
	at org.junit.internal.runners.model.ReflectiveCallable.run(ReflectiveCallable.java:12)
	at org.junit.runners.model.FrameworkMethod.invokeExplosively(FrameworkMethod.java:47)
	at org.junit.internal.runners.statements.InvokeMethod.evaluate(InvokeMethod.java:17)
	at org.junit.internal.runners.statements.FailOnTimeout$CallableStatement.call(FailOnTimeout.java:298)
	at org.junit.internal.runners.statements.FailOnTimeout$CallableStatement.call(FailOnTimeout.java:292)
	at java.util.concurrent.FutureTask.run(FutureTask.java:266)
	at java.lang.Thread.run(Thread.java:745)
Caused by: java.lang.AssertionError: expected:&lt;0&gt; but was:&lt;3948&gt;
	at org.junit.Assert.fail(Assert.java:88)
	at org.junit.Assert.failNotEquals(Assert.java:834)
	at org.junit.Assert.assertEquals(Assert.java:118)
	at org.junit.Assert.assertEquals(Assert.java:144)
	at org.junit.internal.ExactComparisonCriteria.assertElementsEqual(ExactComparisonCriteria.java:8)
	at org.junit.internal.ComparisonCriteria.arrayEquals(ComparisonCriteria.java:53)
	... 16 more
</failure>
  </testcase>
  <testcase classname="edu.osu.cs362.App_ESTest" name="test24" time="0.01"/>
  <testcase classname="edu.osu.cs362.App_ESTest" name="test25" time="0"/>
  <testcase classname="edu.osu.cs362.App_ESTest" name="test26" time="0.001"/>
</testsuite>